<?xml version="1.0" encoding="UTF-8"?>
<testng-results ignored="0" total="0" passed="0" failed="0" skipped="0">
  <reporter-output>
  </reporter-output>
  <suite started-at="2021-05-23T16:56:10 ADT" name="Surefire suite" finished-at="2021-05-23T16:56:36 ADT" duration-ms="26155">
    <groups>
    </groups>
    <test started-at="2021-05-23T16:56:10 ADT" name="Surefire test" finished-at="2021-05-23T16:56:36 ADT" duration-ms="26155">
    </test> <!-- Surefire test -->
  </suite> <!-- Surefire suite -->
</testng-results>
